TN:
SF:/Users/koray/Desktop/GAME/declaratie-service/declaratie-client/src/polyfills.ts
FNF:0
FNH:0
LF:0
LH:0
BRF:0
BRH:0
end_of_record
TN:
SF:/Users/koray/Desktop/GAME/declaratie-service/declaratie-client/src/test.ts
FNF:0
FNH:0
DA:13,1
DA:23,1
DA:26,1
DA:28,1
DA:30,1
LF:5
LH:5
BRF:0
BRH:0
end_of_record
TN:
SF:/Users/koray/Desktop/GAME/declaratie-service/declaratie-client/src/app/components/declaration-table/declaration-table.component.ts
FN:34,DeclarationTableComponent
FN:38,(anonymous_4)
FN:39,(anonymous_5)
FN:41,(anonymous_6)
FN:50,(anonymous_7)
FN:51,(anonymous_8)
FN:54,(anonymous_9)
FN:60,(anonymous_10)
FN:67,(anonymous_11)
FN:87,(anonymous_12)
FN:95,(anonymous_13)
FN:103,(anonymous_14)
FN:105,(anonymous_15)
FN:114,(anonymous_16)
FN:116,(anonymous_17)
FN:117,(anonymous_18)
FN:123,(anonymous_19)
FN:124,(anonymous_20)
FN:127,(anonymous_21)
FN:132,(anonymous_22)
FNF:20
FNH:5
FNDA:5,DeclarationTableComponent
FNDA:4,(anonymous_4)
FNDA:1,(anonymous_5)
FNDA:0,(anonymous_6)
FNDA:0,(anonymous_7)
FNDA:0,(anonymous_8)
FNDA:5,(anonymous_9)
FNDA:0,(anonymous_10)
FNDA:0,(anonymous_11)
FNDA:0,(anonymous_12)
FNDA:0,(anonymous_13)
FNDA:0,(anonymous_14)
FNDA:0,(anonymous_15)
FNDA:0,(anonymous_16)
FNDA:0,(anonymous_17)
FNDA:0,(anonymous_18)
FNDA:0,(anonymous_19)
FNDA:0,(anonymous_20)
FNDA:0,(anonymous_21)
FNDA:5,(anonymous_22)
DA:22,1
DA:24,5
DA:25,5
DA:26,5
DA:27,5
DA:28,5
DA:31,1
DA:32,1
DA:34,5
DA:35,5
DA:38,4
DA:39,4
DA:40,1
DA:42,0
DA:50,1
DA:51,0
DA:54,1
DA:55,5
DA:56,5
DA:57,5
DA:60,1
DA:61,0
DA:67,1
DA:87,1
DA:88,0
DA:91,0
DA:94,0
DA:95,0
DA:97,0
DA:103,1
DA:104,0
DA:105,0
DA:107,0
DA:109,0
DA:114,1
DA:115,0
DA:116,0
DA:117,0
DA:118,0
DA:123,1
DA:124,0
DA:125,0
DA:126,0
DA:128,0
DA:132,1
DA:133,5
DA:134,5
DA:135,5
DA:136,5
DA:139,1
LF:50
LH:30
BRDA:90,0,0,0
BRDA:90,0,1,0
BRF:2
BRH:0
end_of_record
TN:
SF:/Users/koray/Desktop/GAME/declaratie-service/declaratie-client/src/app/components/declaration-update/declaration-update.component.ts
FN:38,DeclarationUpdateComponent
FN:46,(anonymous_6)
FN:54,(anonymous_7)
FN:75,(anonymous_8)
FN:82,(anonymous_9)
FN:89,(anonymous_10)
FN:98,(anonymous_11)
FN:112,(anonymous_12)
FN:116,(anonymous_13)
FN:117,(anonymous_14)
FN:124,(anonymous_15)
FN:129,(anonymous_16)
FN:133,(anonymous_17)
FN:143,(anonymous_18)
FN:150,(anonymous_19)
FN:153,(anonymous_20)
FN:162,(anonymous_21)
FN:167,(anonymous_22)
FN:180,(anonymous_23)
FN:182,(anonymous_24)
FN:187,(anonymous_25)
FNF:21
FNH:0
FNDA:0,DeclarationUpdateComponent
FNDA:0,(anonymous_6)
FNDA:0,(anonymous_7)
FNDA:0,(anonymous_8)
FNDA:0,(anonymous_9)
FNDA:0,(anonymous_10)
FNDA:0,(anonymous_11)
FNDA:0,(anonymous_12)
FNDA:0,(anonymous_13)
FNDA:0,(anonymous_14)
FNDA:0,(anonymous_15)
FNDA:0,(anonymous_16)
FNDA:0,(anonymous_17)
FNDA:0,(anonymous_18)
FNDA:0,(anonymous_19)
FNDA:0,(anonymous_20)
FNDA:0,(anonymous_21)
FNDA:0,(anonymous_22)
FNDA:0,(anonymous_23)
FNDA:0,(anonymous_24)
FNDA:0,(anonymous_25)
DA:22,1
DA:24,0
DA:26,0
DA:27,0
DA:28,0
DA:33,0
DA:34,0
DA:35,0
DA:36,0
DA:38,0
DA:39,0
DA:40,0
DA:41,0
DA:42,0
DA:43,0
DA:44,0
DA:45,0
DA:46,0
DA:47,0
DA:48,0
DA:49,0
DA:50,0
DA:54,1
DA:55,0
DA:66,0
DA:67,0
DA:68,0
DA:69,0
DA:70,0
DA:71,0
DA:72,0
DA:75,1
DA:76,0
DA:77,0
DA:78,0
DA:79,0
DA:80,0
DA:82,0
DA:83,0
DA:85,0
DA:89,1
DA:90,0
DA:91,0
DA:92,0
DA:93,0
DA:94,0
DA:95,0
DA:98,1
DA:100,0
DA:102,0
DA:105,0
DA:106,0
DA:107,0
DA:108,0
DA:109,0
DA:112,1
DA:113,0
DA:116,1
DA:117,0
DA:118,0
DA:119,0
DA:120,0
DA:121,0
DA:122,0
DA:123,0
DA:125,0
DA:129,1
DA:130,0
DA:133,1
DA:136,0
DA:137,0
DA:139,0
DA:140,0
DA:143,0
DA:144,0
DA:146,0
DA:150,1
DA:152,0
DA:153,0
DA:155,0
DA:156,0
DA:162,1
DA:163,0
DA:164,0
DA:167,1
DA:180,0
DA:181,0
DA:183,0
DA:187,1
DA:190,1
LF:90
LH:14
BRDA:122,0,0,0
BRDA:122,0,1,0
BRDA:144,1,0,0
BRDA:144,1,1,0
BRDA:151,2,0,0
BRDA:151,2,1,0
BRDA:170,3,0,0
BRDA:170,3,1,0
BRDA:174,4,0,0
BRDA:174,4,1,0
BRDA:175,5,0,0
BRDA:175,5,1,0
BRF:12
BRH:0
end_of_record
TN:
SF:/Users/koray/Desktop/GAME/declaratie-service/declaratie-client/src/app/components/declaration-view/declaration-view.component.ts
FN:31,DeclarationViewComponent
FN:35,(anonymous_6)
FN:41,(anonymous_7)
FN:49,(anonymous_8)
FN:50,(anonymous_9)
FN:54,(anonymous_10)
FN:59,(anonymous_11)
FN:63,(anonymous_12)
FN:67,(anonymous_13)
FN:71,(anonymous_14)
FN:82,(anonymous_15)
FN:93,(anonymous_16)
FN:109,(anonymous_17)
FN:113,(anonymous_18)
FNF:14
FNH:0
FNDA:0,DeclarationViewComponent
FNDA:0,(anonymous_6)
FNDA:0,(anonymous_7)
FNDA:0,(anonymous_8)
FNDA:0,(anonymous_9)
FNDA:0,(anonymous_10)
FNDA:0,(anonymous_11)
FNDA:0,(anonymous_12)
FNDA:0,(anonymous_13)
FNDA:0,(anonymous_14)
FNDA:0,(anonymous_15)
FNDA:0,(anonymous_16)
FNDA:0,(anonymous_17)
FNDA:0,(anonymous_18)
DA:22,1
DA:24,0
DA:26,0
DA:27,0
DA:28,0
DA:29,0
DA:31,0
DA:32,0
DA:33,0
DA:34,0
DA:35,0
DA:36,0
DA:37,0
DA:41,1
DA:43,0
DA:45,0
DA:49,1
DA:50,0
DA:51,0
DA:52,0
DA:53,0
DA:55,0
DA:59,1
DA:60,0
DA:63,1
DA:64,0
DA:67,1
DA:70,0
DA:71,0
DA:73,0
DA:77,0
DA:81,0
DA:82,0
DA:84,0
DA:88,0
DA:93,1
DA:96,0
DA:98,0
DA:102,0
DA:104,0
DA:109,1
DA:110,0
DA:113,1
DA:116,1
LF:44
LH:10
BRF:0
BRH:0
end_of_record
TN:
SF:/Users/koray/Desktop/GAME/declaratie-service/declaratie-client/src/app/components/validators/textInputValidator.ts
FN:3,textInputValidator
FNF:1
FNH:0
FNDA:0,textInputValidator
DA:4,0
DA:5,0
LF:2
LH:0
BRDA:5,0,0,0
BRDA:5,0,1,0
BRF:2
BRH:0
end_of_record
TN:
SF:/Users/koray/Desktop/GAME/declaratie-service/declaratie-client/src/app/dialogs/error-dialog/error-dialog.component.ts
FN:12,ErrorDialogComponent
FN:14,(anonymous_6)
FN:18,(anonymous_7)
FNF:3
FNH:0
FNDA:0,ErrorDialogComponent
FNDA:0,(anonymous_6)
FNDA:0,(anonymous_7)
DA:10,1
DA:12,0
DA:14,0
DA:15,0
DA:18,1
DA:21,1
LF:6
LH:3
BRF:0
BRH:0
end_of_record
TN:
SF:/Users/koray/Desktop/GAME/declaratie-service/declaratie-client/src/app/dialogs/image-dialog/image-dialog.component.ts
FN:18,ImageDialogComponent
FN:24,(anonymous_6)
FN:28,(anonymous_7)
FN:30,(anonymous_8)
FN:34,(anonymous_9)
FN:38,(anonymous_10)
FNF:6
FNH:0
FNDA:0,ImageDialogComponent
FNDA:0,(anonymous_6)
FNDA:0,(anonymous_7)
FNDA:0,(anonymous_8)
FNDA:0,(anonymous_9)
FNDA:0,(anonymous_10)
DA:11,1
DA:18,0
DA:19,0
DA:20,0
DA:21,0
DA:24,1
DA:25,0
DA:28,1
DA:29,0
DA:30,0
DA:31,0
DA:34,1
DA:35,0
DA:38,1
DA:40,0
DA:42,0
DA:44,0
DA:49,1
LF:18
LH:6
BRF:0
BRH:0
end_of_record
TN:
SF:/Users/koray/Desktop/GAME/declaratie-service/declaratie-client/src/app/dialogs/message-dialog/message-dialog.component.ts
FN:14,MessageDialogComponent
FN:16,(anonymous_6)
FN:20,(anonymous_7)
FN:24,(anonymous_8)
FNF:4
FNH:0
FNDA:0,MessageDialogComponent
FNDA:0,(anonymous_6)
FNDA:0,(anonymous_7)
FNDA:0,(anonymous_8)
DA:10,1
DA:12,0
DA:14,0
DA:16,0
DA:17,0
DA:20,0
DA:21,0
DA:24,1
DA:27,1
LF:9
LH:3
BRF:0
BRH:0
end_of_record
TN:
SF:/Users/koray/Desktop/GAME/declaratie-service/declaratie-client/src/app/dialogs/notification-dialog/notification-dialog.component.ts
FN:12,NotificationDialogComponent
FN:14,(anonymous_6)
FN:18,(anonymous_7)
FNF:3
FNH:0
FNDA:0,NotificationDialogComponent
FNDA:0,(anonymous_6)
FNDA:0,(anonymous_7)
DA:10,1
DA:12,0
DA:14,0
DA:15,0
DA:18,1
DA:21,1
LF:6
LH:3
BRF:0
BRH:0
end_of_record
TN:
SF:/Users/koray/Desktop/GAME/declaratie-service/declaratie-client/src/app/mocks/mock-declarations.ts
FNF:0
FNH:0
LF:0
LH:0
BRF:0
BRH:0
end_of_record
TN:
SF:/Users/koray/Desktop/GAME/declaratie-service/declaratie-client/src/app/mocks/mock-employee.ts
FNF:0
FNH:0
LF:0
LH:0
BRF:0
BRH:0
end_of_record
TN:
SF:/Users/koray/Desktop/GAME/declaratie-service/declaratie-client/src/app/models/Declaration.ts
FN:4,(anonymous_0)
FN:18,(anonymous_2)
FNF:2
FNH:2
FNDA:1,(anonymous_0)
FNDA:5,(anonymous_2)
DA:4,1
DA:18,1
DA:19,5
DA:22,1
LF:4
LH:4
BRF:0
BRH:0
end_of_record
TN:
SF:/Users/koray/Desktop/GAME/declaratie-service/declaratie-client/src/app/models/DeclarationFile.ts
FN:1,(anonymous_0)
FNF:1
FNH:1
FNDA:1,(anonymous_0)
DA:1,1
DA:6,1
LF:2
LH:2
BRF:0
BRH:0
end_of_record
TN:
SF:/Users/koray/Desktop/GAME/declaratie-service/declaratie-client/src/app/models/MessageCreator.ts
FN:3,(anonymous_0)
FN:5,(anonymous_2)
FN:13,(anonymous_3)
FNF:3
FNH:1
FNDA:1,(anonymous_0)
FNDA:0,(anonymous_2)
FNDA:0,(anonymous_3)
DA:3,1
DA:5,1
DA:10,0
DA:13,1
DA:18,0
DA:20,1
LF:6
LH:4
BRF:0
BRH:0
end_of_record
TN:
SF:/Users/koray/Desktop/GAME/declaratie-service/declaratie-client/src/app/models/RestEnum.ts
FN:1,(anonymous_0)
FNF:1
FNH:1
FNDA:1,(anonymous_0)
DA:1,1
DA:2,1
DA:3,1
DA:4,1
DA:5,1
DA:6,1
LF:6
LH:6
BRDA:1,0,0,1
BRDA:1,0,1,1
BRF:2
BRH:2
end_of_record
TN:
SF:/Users/koray/Desktop/GAME/declaratie-service/declaratie-client/src/app/models/RoleEnum.ts
FN:1,(anonymous_0)
FNF:1
FNH:1
FNDA:1,(anonymous_0)
DA:1,1
DA:2,1
DA:3,1
LF:3
LH:3
BRDA:1,0,0,1
BRDA:1,0,1,1
BRF:2
BRH:2
end_of_record
TN:
SF:/Users/koray/Desktop/GAME/declaratie-service/declaratie-client/src/app/models/StatusEnum.ts
FN:1,(anonymous_0)
FNF:1
FNH:1
FNDA:1,(anonymous_0)
DA:1,1
DA:2,1
DA:3,1
DA:4,1
DA:5,1
DA:6,1
LF:6
LH:6
BRDA:1,0,0,1
BRDA:1,0,1,1
BRF:2
BRH:2
end_of_record
TN:
SF:/Users/koray/Desktop/GAME/declaratie-service/declaratie-client/src/app/services/authservice/authentication.service.ts
FN:15,AuthenticationService
FN:18,(anonymous_4)
FN:20,(anonymous_5)
FN:32,(anonymous_6)
FNF:4
FNH:0
FNDA:0,AuthenticationService
FNDA:0,(anonymous_4)
FNDA:0,(anonymous_5)
FNDA:0,(anonymous_6)
DA:13,1
DA:15,0
DA:18,1
DA:19,0
DA:21,0
DA:23,0
DA:25,0
DA:27,0
DA:32,1
DA:33,0
DA:34,0
DA:36,1
LF:12
LH:4
BRF:0
BRH:0
end_of_record
TN:
SF:/Users/koray/Desktop/GAME/declaratie-service/declaratie-client/src/app/services/declaration/declaration.service.ts
FN:17,DeclarationService
FN:19,(anonymous_4)
FN:31,(anonymous_5)
FN:33,(anonymous_6)
FN:35,(anonymous_7)
FN:44,(anonymous_8)
FN:55,(anonymous_9)
FN:63,(anonymous_10)
FN:70,(anonymous_11)
FN:74,(anonymous_12)
FN:91,(anonymous_13)
FN:101,(anonymous_14)
FNF:12
FNH:3
FNDA:9,DeclarationService
FNDA:0,(anonymous_4)
FNDA:0,(anonymous_5)
FNDA:0,(anonymous_6)
FNDA:0,(anonymous_7)
FNDA:0,(anonymous_8)
FNDA:0,(anonymous_9)
FNDA:3,(anonymous_10)
FNDA:0,(anonymous_11)
FNDA:0,(anonymous_12)
FNDA:0,(anonymous_13)
FNDA:3,(anonymous_14)
DA:15,1
DA:17,9
DA:19,1
DA:21,0
DA:22,0
DA:24,0
DA:25,0
DA:28,0
DA:31,1
DA:32,0
DA:34,0
DA:35,0
DA:36,0
DA:38,0
DA:39,0
DA:44,1
DA:45,0
DA:46,0
DA:48,0
DA:49,0
DA:52,0
DA:55,1
DA:56,0
DA:63,1
DA:64,3
DA:67,3
DA:70,1
DA:71,0
DA:74,1
DA:75,0
DA:76,0
DA:77,0
DA:79,0
DA:81,0
DA:83,0
DA:84,0
DA:85,0
DA:86,0
DA:87,0
DA:88,0
DA:91,1
DA:92,0
DA:93,0
DA:94,0
DA:96,0
DA:98,0
DA:101,1
DA:102,3
DA:103,3
DA:107,1
LF:50
LH:16
BRDA:49,0,0,0
BRDA:49,0,1,0
BRF:2
BRH:0
end_of_record
TN:
SF:/Users/koray/Desktop/GAME/declaratie-service/declaratie-client/src/app/services/errorhandlerservice/error-handler.service.ts
FN:16,ErrorHandlerService
FN:18,(anonymous_4)
FN:32,(anonymous_5)
FN:38,(anonymous_6)
FN:51,(anonymous_7)
FN:56,(anonymous_8)
FN:62,(anonymous_9)
FN:71,(anonymous_10)
FN:76,(anonymous_11)
FNF:9
FNH:1
FNDA:6,ErrorHandlerService
FNDA:0,(anonymous_4)
FNDA:0,(anonymous_5)
FNDA:0,(anonymous_6)
FNDA:0,(anonymous_7)
FNDA:0,(anonymous_8)
FNDA:0,(anonymous_9)
FNDA:0,(anonymous_10)
FNDA:0,(anonymous_11)
DA:11,1
DA:14,6
DA:16,6
DA:18,1
DA:20,0
DA:22,0
DA:24,0
DA:26,0
DA:28,0
DA:32,1
DA:33,0
DA:34,0
DA:35,0
DA:38,1
DA:39,0
DA:42,0
DA:48,0
DA:51,1
DA:52,0
DA:53,0
DA:56,1
DA:57,0
DA:58,0
DA:59,0
DA:62,1
DA:63,0
DA:68,0
DA:71,1
DA:72,0
DA:73,0
DA:76,1
DA:77,0
DA:87,1
LF:33
LH:12
BRF:0
BRH:0
end_of_record
TN:
SF:/Users/koray/Desktop/GAME/declaratie-service/declaratie-client/src/app/services/notificationService/notification.service.ts
FN:13,NotificationService
FN:15,(anonymous_4)
FN:23,(anonymous_5)
FN:31,(anonymous_6)
FNF:4
FNH:1
FNDA:3,NotificationService
FNDA:0,(anonymous_4)
FNDA:0,(anonymous_5)
FNDA:0,(anonymous_6)
DA:9,1
DA:11,3
DA:13,3
DA:15,1
DA:20,0
DA:23,1
DA:28,0
DA:31,1
DA:36,0
DA:38,1
LF:10
LH:7
BRF:0
BRH:0
end_of_record
TN:
SF:/Users/koray/Desktop/GAME/declaratie-service/declaratie-client/src/app/utils/StateUtils.ts
FN:4,StateUtils
FN:10,(anonymous_2)
FN:11,(anonymous_3)
FN:14,(anonymous_4)
FN:15,(anonymous_5)
FN:18,(anonymous_6)
FN:19,(anonymous_7)
FN:22,(anonymous_8)
FN:23,(anonymous_9)
FN:26,(anonymous_10)
FN:38,(anonymous_11)
FNF:11
FNH:0
FNDA:0,StateUtils
FNDA:0,(anonymous_2)
FNDA:0,(anonymous_3)
FNDA:0,(anonymous_4)
FNDA:0,(anonymous_5)
FNDA:0,(anonymous_6)
FNDA:0,(anonymous_7)
FNDA:0,(anonymous_8)
FNDA:0,(anonymous_9)
FNDA:0,(anonymous_10)
FNDA:0,(anonymous_11)
DA:4,1
DA:6,1
DA:7,1
DA:8,1
DA:10,1
DA:11,0
DA:14,1
DA:15,0
DA:18,1
DA:19,0
DA:22,1
DA:23,0
DA:26,1
DA:29,0
DA:33,0
DA:35,0
DA:38,1
DA:41,0
DA:45,0
DA:47,0
DA:49,1
LF:21
LH:11
BRF:0
BRH:0
end_of_record
TN:
SF:/Users/koray/Desktop/GAME/declaratie-service/declaratie-client/src/environments/environment.ts
FNF:0
FNH:0
LF:0
LH:0
BRF:0
BRH:0
end_of_record
