TN:
SF:/Users/koray/Desktop/GAME/declaratie-service/declaratie-client/src/polyfills.ts
FNF:0
FNH:0
LF:0
LH:0
BRF:0
BRH:0
end_of_record
TN:
SF:/Users/koray/Desktop/GAME/declaratie-service/declaratie-client/src/test.ts
FNF:0
FNH:0
DA:13,1
DA:18,1
DA:22,1
LF:3
LH:3
BRF:0
BRH:0
end_of_record
TN:
SF:/Users/koray/Desktop/GAME/declaratie-service/declaratie-client/src/app/components/app/app.component.ts
FN:3,AppComponent
FNF:1
FNH:0
FNDA:0,AppComponent
DA:8,1
DA:9,0
DA:10,1
LF:3
LH:2
BRF:0
BRH:0
end_of_record
TN:
SF:/Users/koray/Desktop/GAME/declaratie-service/declaratie-client/src/app/components/declaratie-create/declaratie-create.component.ts
FN:27,DeclaratieCreateComponent
FN:57,(anonymous_4)
FN:64,(anonymous_5)
FN:71,(anonymous_6)
FN:76,(anonymous_7)
FN:80,(anonymous_8)
FN:93,(anonymous_9)
FN:96,(anonymous_10)
FN:99,(anonymous_11)
FN:109,(anonymous_12)
FN:113,(anonymous_13)
FN:126,(anonymous_14)
FN:129,(anonymous_15)
FNF:13
FNH:6
FNDA:3,DeclaratieCreateComponent
FNDA:3,(anonymous_4)
FNDA:0,(anonymous_5)
FNDA:0,(anonymous_6)
FNDA:0,(anonymous_7)
FNDA:0,(anonymous_8)
FNDA:0,(anonymous_9)
FNDA:0,(anonymous_10)
FNDA:24,(anonymous_11)
FNDA:6,(anonymous_12)
FNDA:0,(anonymous_13)
FNDA:3,(anonymous_14)
FNDA:3,(anonymous_15)
DA:17,1
DA:20,3
DA:23,3
DA:24,3
DA:25,3
DA:27,3
DA:28,3
DA:29,3
DA:30,3
DA:31,3
DA:32,3
DA:33,3
DA:57,1
DA:58,3
DA:59,3
DA:60,3
DA:61,3
DA:64,1
DA:67,0
DA:71,1
DA:72,0
DA:73,0
DA:76,1
DA:77,0
DA:80,1
DA:93,0
DA:94,0
DA:95,0
DA:96,0
DA:100,24
DA:102,96
DA:103,96
DA:106,24
DA:110,6
DA:113,1
DA:114,0
DA:115,0
DA:117,0
DA:118,0
DA:120,0
DA:123,0
DA:126,1
DA:129,1
DA:132,1
LF:44
LH:30
BRDA:66,0,0,0
BRDA:66,0,1,0
BRDA:116,1,0,0
BRDA:116,1,1,0
BRF:4
BRH:0
end_of_record
TN:
SF:/Users/koray/Desktop/GAME/declaratie-service/declaratie-client/src/app/components/declaration-expansion-list/declaration-expansion-list.component.ts
FN:18,DeclarationExpansionListComponent
FN:21,(anonymous_4)
FN:22,(anonymous_5)
FN:25,(anonymous_6)
FN:28,(anonymous_7)
FN:33,(anonymous_8)
FNF:6
FNH:3
FNDA:1,DeclarationExpansionListComponent
FNDA:1,(anonymous_4)
FNDA:0,(anonymous_5)
FNDA:0,(anonymous_6)
FNDA:0,(anonymous_7)
FNDA:1,(anonymous_8)
DA:13,1
DA:15,1
DA:16,1
DA:18,1
DA:21,1
DA:22,1
DA:23,0
DA:24,0
DA:25,0
DA:28,1
DA:29,0
DA:30,0
DA:33,1
DA:34,1
DA:37,1
LF:15
LH:10
BRF:0
BRH:0
end_of_record
TN:
SF:/Users/koray/Desktop/GAME/declaratie-service/declaratie-client/src/app/components/declaration-photo-upload/declaration-photo-upload.component.ts
FN:10,DeclarationPhotoUploadComponent
FN:12,(anonymous_4)
FNF:2
FNH:2
FNDA:1,DeclarationPhotoUploadComponent
FNDA:1,(anonymous_4)
DA:8,1
DA:12,1
DA:15,1
LF:3
LH:3
BRF:0
BRH:0
end_of_record
TN:
SF:/Users/koray/Desktop/GAME/declaratie-service/declaratie-client/src/app/components/declaration-stepper/declaration-stepper.component.ts
FN:14,DeclarationStepperComponent
FN:16,(anonymous_4)
FNF:2
FNH:2
FNDA:1,DeclarationStepperComponent
FNDA:1,(anonymous_4)
DA:9,1
DA:11,1
DA:14,1
DA:16,1
DA:17,1
DA:20,1
DA:25,1
LF:7
LH:7
BRF:0
BRH:0
end_of_record
TN:
SF:/Users/koray/Desktop/GAME/declaratie-service/declaratie-client/src/app/components/declaration-table/declaration-table.component.ts
FN:27,DeclarationTableComponent
FN:29,(anonymous_4)
FN:36,(anonymous_5)
FN:57,(anonymous_6)
FNF:4
FNH:4
FNDA:5,DeclarationTableComponent
FNDA:4,(anonymous_4)
FNDA:5,(anonymous_5)
FNDA:3,(anonymous_6)
DA:17,1
DA:20,5
DA:27,5
DA:29,1
DA:33,4
DA:36,1
DA:38,5
DA:57,1
DA:60,1
LF:9
LH:9
BRF:0
BRH:0
end_of_record
TN:
SF:/Users/koray/Desktop/GAME/declaratie-service/declaratie-client/src/app/components/validators/textInputValidator.ts
FN:3,textInputValidator
FNF:1
FNH:1
FNDA:22,textInputValidator
DA:4,22
DA:5,22
LF:2
LH:2
BRDA:5,0,0,22
BRDA:5,0,1,0
BRF:2
BRH:1
end_of_record
TN:
SF:/Users/koray/Desktop/GAME/declaratie-service/declaratie-client/src/app/material/material.module.ts
FN:138,MaterialModule
FNF:1
FNH:1
FNDA:5,MaterialModule
DA:138,1
LF:1
LH:1
BRF:0
BRH:0
end_of_record
TN:
SF:/Users/koray/Desktop/GAME/declaratie-service/declaratie-client/src/app/mocks/mock-declarations.ts
FNF:0
FNH:0
LF:0
LH:0
BRF:0
BRH:0
end_of_record
TN:
SF:/Users/koray/Desktop/GAME/declaratie-service/declaratie-client/src/app/models/Employee.ts
FN:4,(anonymous_0)
FNF:1
FNH:1
FNDA:4,(anonymous_0)
DA:4,1
DA:8,1
LF:2
LH:2
BRF:0
BRH:0
end_of_record
TN:
SF:/Users/koray/Desktop/GAME/declaratie-service/declaratie-client/src/app/models/RestEnum.ts
FN:1,(anonymous_0)
FNF:1
FNH:1
FNDA:1,(anonymous_0)
DA:1,1
DA:2,1
DA:3,1
DA:4,1
DA:5,1
DA:6,1
LF:6
LH:6
BRDA:1,0,0,1
BRDA:1,0,1,1
BRF:2
BRH:2
end_of_record
TN:
SF:/Users/koray/Desktop/GAME/declaratie-service/declaratie-client/src/app/models/StatusEnum.ts
FN:1,(anonymous_0)
FNF:1
FNH:1
FNDA:1,(anonymous_0)
DA:1,1
DA:2,1
DA:3,1
DA:4,1
DA:5,1
LF:5
LH:5
BRDA:1,0,0,1
BRDA:1,0,1,1
BRF:2
BRH:2
end_of_record
TN:
SF:/Users/koray/Desktop/GAME/declaratie-service/declaratie-client/src/app/services/declaration/declaration.service.ts
FN:23,DeclarationService
FN:25,(anonymous_4)
FN:29,(anonymous_5)
FN:33,(anonymous_6)
FN:37,(anonymous_7)
FN:41,(anonymous_8)
FNF:6
FNH:2
FNDA:14,DeclarationService
FNDA:0,(anonymous_4)
FNDA:0,(anonymous_5)
FNDA:0,(anonymous_6)
FNDA:0,(anonymous_7)
FNDA:4,(anonymous_8)
DA:18,1
DA:20,14
DA:21,14
DA:23,14
DA:25,1
DA:26,0
DA:29,1
DA:30,0
DA:33,1
DA:34,0
DA:37,1
DA:38,0
DA:41,1
DA:42,4
DA:58,1
LF:15
LH:11
BRF:0
BRH:0
end_of_record
